adaptive_n_back
within
Running PCA
Running native
Running encoded
Running AE
across
Running PCA
Running native
Running encoded
Running AE
angling_risk_task_always_sunny
within
Running PCA
Running native
Running encoded
Running AE
across
Running PCA
Running native
Running encoded
Running AE
attention_network_task
within
Running PCA
Running native
Running encoded
Running AE
across
Running PCA
Running native
Running encoded
Running AE
bickel_titrator
within
Running PCA
Running native
Running encoded
Running AE
across
Running PCA
Running native
Running encoded
Running AE
bis11_survey
within
Running PCA
Running native
Running encoded
Running AE
across
Running PCA
Running native
Running encoded
Running AE
bis_bas_survey
within
Running PCA
Running native
Running encoded
Running AE
across
Running PCA
Running native
Running encoded
Running AE
brief_self_control_survey
within
Running PCA
Running native
Running encoded
Running AE
across
Running PCA
Running native
Running encoded
Running AE
choice_reaction_time
within
Running PCA
Running native
Running encoded
Running AE
across
Running PCA
Running native
Running encoded
Running AE
cognitive_reflection_survey
within
Running PCA
Running native
Running encoded
Running AE
across
Running PCA
Running native
Running encoded
Running AE
columbia_card_task_cold
within
Running PCA
Running native
Running encoded
Running AE
across
Running PCA
Running native
Running encoded
Running AE
columbia_card_task_hot
within
Running PCA
Running native
Running encoded
Running AE
across
Running PCA
Running native
Running encoded
Running AE
dickman_survey
within
Running PCA
Running native
Running encoded
Running AE
across
Running PCA
Running native
Running encoded
Running AE
dietary_decision
within
Running PCA
Running native
Running encoded
Running AE
across
Running PCA
Running native
Running encoded
Running AE
digit_span
within
Running PCA
Running native
Running encoded
Running AE
across
Running PCA
Running native
Running encoded
Running AE
directed_forgetting
within
Running PCA
Running native
Running encoded
Running AE
across
Running PCA
Running native
Running encoded
Running AE
discount_titrate
within
Running PCA
Running native
Running encoded
Running AE
across
Running PCA
Running native
Running encoded
Running AE
dospert_eb_survey
within
Running PCA
Running native
Running encoded
Running AE
across
Running PCA
Running native
Running encoded
Running AE
dospert_rp_survey
within
Running PCA
Running native
Running encoded
Running AE
across
Running PCA
Running native
Running encoded
Running AE
dospert_rt_survey
within
Running PCA
Running native
Running encoded
Running AE
across
Running PCA
Running native
Running encoded
Running AE
dot_pattern_expectancy
within
Running PCA
Running native
Running encoded
Running AE
across
Running PCA
Running native
Running encoded
Running AE
eating_survey
within
Running PCA
Running native
Running encoded
Running AE
across
Running PCA
Running native
Running encoded
Running AE
erq_survey
within
Running PCA
Running native
Running encoded
Running AE
across
Running PCA
Running native
Running encoded
Running AE
five_facet_mindfulness_survey
within
Running PCA
Running native
Running encoded
Running AE
across
Running PCA
Running native
Running encoded
Running AE
future_time_perspective_survey
within
Running PCA
Running native
Running encoded
Running AE
across
Running PCA
Running native
Running encoded
Running AE
go_nogo
within
Running PCA
Running native
Running encoded
Running AE
across
Running PCA
Running native
Running encoded
Running AE
grit_scale_survey
within
Running PCA
Running native
Running encoded
Running AE
across
Running PCA
Running native
Running encoded
Running AE
hierarchical_rule
within
Running PCA
Running native
Running encoded
Running AE
across
Running PCA
Running native
Running encoded
Running AE
holt_laury_survey
within
Running PCA
Running native
Running encoded
Running AE
across
Running PCA
Running native
Running encoded
Running AE
impulsive_venture_survey
within
Running PCA
Running native
Running encoded
Running AE
across
Running PCA
Running native
Running encoded
Running AE
information_sampling_task
within
Running PCA
Running native
Running encoded
Running AE
across
Running PCA
Running native
Running encoded
Running AE
keep_track
within
Running PCA
Running native
Running encoded
Running AE
across
Running PCA
Running native
Running encoded
Running AE
kirby
within
Running PCA
Running native
Running encoded
Running AE
across
Running PCA
Running native
Running encoded
Running AE
leisure_time_activity_survey
within
Running PCA
Running native
Running encoded
Running AE
across
Running PCA
Running native
Running encoded
Running AE
local_global_letter
within
Running PCA
Running native
Running encoded
Running AE
across
Running PCA
Running native
Running encoded
Running AE
mindful_attention_awareness_survey
within
Running PCA
Running native
Running encoded
Running AE
across
Running PCA
Running native
Running encoded
Running AE
motor_selective_stop_signal
within
Running PCA
Running native
Running encoded
Running AE
across
Running PCA
Running native
Running encoded
Running AE
mpq_control_survey
within
Running PCA
Running native
Running encoded
Running AE
across
Running PCA
Running native
Running encoded
Running AE
probabilistic_selection
within
Running PCA
Running native
Running encoded
Running AE
across
Running PCA
Running native
Running encoded
Running AE
psychological_refractory_period_two_choices
within
Running PCA
Running native
Running encoded
Running AE
across
Running PCA
Running native
Running encoded
Running AE
ravens
within
Running PCA
Running native
Running encoded
Running AE
across
Running PCA
Running native
Running encoded
Running AE
recent_probes
within
Running PCA
Running native
Running encoded
Running AE
across
Running PCA
Running native
Running encoded
Running AE
selection_optimization_compensation_survey
within
Running PCA
Running native
Running encoded
Running AE
across
Running PCA
Running native
Running encoded
Running AE
self_regulation_survey
within
Running PCA
Running native
Running encoded
Running AE
across
Running PCA
Running native
Running encoded
Running AE
sensation_seeking_survey
within
Running PCA
Running native
Running encoded
Running AE
across
Running PCA
Running native
Running encoded
Running AE
shape_matching
within
Running PCA
Running native
Running encoded
Running AE
across
Running PCA
Running native
Running encoded
Running AE
shift_task
within
Running PCA
Running native
Running encoded
Running AE
across
Running PCA
Running native
Running encoded
Running AE
simon
within
Running PCA
Running native
Running encoded
Running AE
across
Running PCA
Running native
Running encoded
Running AE
simple_reaction_time
within
Running PCA
Running native
Running encoded
Running AE
across
Running PCA
Running native
Running encoded
Running AE
spatial_span
within
Running PCA
Running native
Running encoded
Running AE
across
Running PCA
Running native
Running encoded
Running AE
stim_selective_stop_signal
within
Running PCA
Running native
Running encoded
Running AE
across
Running PCA
Running native
Running encoded
Running AE
stop_signal
within
Running PCA
Running native
Running encoded
Running AE
across
Running PCA
Running native
Running encoded
Running AE
stroop
within
Running PCA
Running native
Running encoded
Running AE
across
Running PCA
Running native
Running encoded
Running AE
ten_item_personality_survey
within
Running PCA
Running native
Running encoded
Running AE
across
Running PCA
Running native
Running encoded
Running AE
theories_of_willpower_survey
within
Running PCA
Running native
Running encoded
Running AE
across
Running PCA
Running native
Running encoded
Running AE
threebytwo
within
Running PCA
Running native
Running encoded
Running AE
across
Running PCA
Running native
Running encoded
Running AE
time_perspective_survey
within
Running PCA
Running native
Running encoded
Running AE
across
Running PCA
Running native
Running encoded
Running AE
tower_of_london
within
Running PCA
Running native
Running encoded
Running AE
across
Running PCA
Running native
Running encoded
Running AE
two_stage_decision
within
Running PCA
Running native
Running encoded
Running AE
across
Running PCA
Running native
Running encoded
Running AE
upps_impulsivity_survey
within
Running PCA
Running native
Running encoded
Running AE
across
Running PCA
Running native
Running encoded
Running AE
writing_task
within
Running PCA
Running native
Running encoded
Running AE
across
Running PCA
Running native
Running encoded
Running AE
adaptive_n_back
within
Running PCA
Running native
Running encoded
Running AE
across
Running PCA
Running native
Running encoded
Running AE
angling_risk_task_always_sunny
within
Running PCA
Running native
Running encoded
Running AE
across
Running PCA
Running native
Running encoded
Running AE
attention_network_task
within
Running PCA
Running native
Running encoded
Running AE
across
Running PCA
Running native
Running encoded
Running AE
bickel_titrator
within
Running PCA
Running native
Running encoded
Running AE
across
Running PCA
Running native
Running encoded
Running AE
bis11_survey
within
Running PCA
Running native
Running encoded
Running AE
across
Running PCA
Running native
Running encoded
Running AE
bis_bas_survey
within
Running PCA
Running native
Running encoded
Running AE
across
Running PCA
Running native
Running encoded
Running AE
brief_self_control_survey
within
Running PCA
Running native
Running encoded
Running AE
across
Running PCA
Running native
Running encoded
Running AE
choice_reaction_time
within
Running PCA
Running native
Running encoded
Running AE
across
Running PCA
Running native
Running encoded
Running AE
cognitive_reflection_survey
within
Running PCA
Running native
Running encoded
Running AE
across
Running PCA
Running native
Running encoded
Running AE
columbia_card_task_cold
within
Running PCA
Running native
Running encoded
Running AE
across
Running PCA
Running native
Running encoded
Running AE
columbia_card_task_hot
within
Running PCA
Running native
Running encoded
Running AE
across
Running PCA
Running native
Running encoded
Running AE
dickman_survey
within
Running PCA
Running native
Running encoded
Running AE
across
Running PCA
Running native
Running encoded
Running AE
dietary_decision
within
Running PCA
Running native
Running encoded
Running AE
across
Running PCA
Running native
Running encoded
Running AE
digit_span
within
Running PCA
Running native
Running encoded
Running AE
across
Running PCA
Running native
Running encoded
Running AE
directed_forgetting
within
Running PCA
Running native
Running encoded
Running AE
across
Running PCA
Running native
Running encoded
Running AE
discount_titrate
within
Running PCA
Running native
Running encoded
Running AE
across
Running PCA
Running native
Running encoded
Running AE
dospert_eb_survey
within
Running PCA
Running native
Running encoded
Running AE
across
Running PCA
Running native
Running encoded
Running AE
dospert_rp_survey
within
Running PCA
Running native
Running encoded
Running AE
across
Running PCA
Running native
Running encoded
Running AE
dospert_rt_survey
within
Running PCA
Running native
Running encoded
Running AE
across
Running PCA
Running native
Running encoded
Running AE
dot_pattern_expectancy
within
Running PCA
Running native
Running encoded
Running AE
across
Running PCA
Running native
Running encoded
Running AE
eating_survey
within
Running PCA
Running native
Running encoded
Running AE
across
Running PCA
Running native
Running encoded
Running AE
erq_survey
within
Running PCA
Running native
Running encoded
Running AE
across
Running PCA
Running native
Running encoded
Running AE
five_facet_mindfulness_survey
within
Running PCA
Running native
Running encoded
Running AE
across
Running PCA
Running native
Running encoded
Running AE
future_time_perspective_survey
within
Running PCA
Running native
Running encoded
Running AE
across
Running PCA
Running native
Running encoded
Running AE
go_nogo
within
Running PCA
Running native
Running encoded
Running AE
across
Running PCA
Running native
Running encoded
Running AE
grit_scale_survey
within
Running PCA
Running native
Running encoded
Running AE
across
Running PCA
Running native
Running encoded
Running AE
hierarchical_rule
within
Running PCA
Running native
Running encoded
Running AE
across
Running PCA
Running native
Running encoded
Running AE
holt_laury_survey
within
Running PCA
Running native
Running encoded
Running AE
across
Running PCA
Running native
Running encoded
Running AE
impulsive_venture_survey
within
Running PCA
Running native
Running encoded
Running AE
across
Running PCA
Running native
Running encoded
Running AE
information_sampling_task
within
Running PCA
Running native
Running encoded
Running AE
across
Running PCA
Running native
Running encoded
Running AE
keep_track
within
Running PCA
Running native
Running encoded
Running AE
across
Running PCA
Running native
Running encoded
Running AE
kirby
within
Running PCA
Running native
Running encoded
Running AE
across
Running PCA
Running native
Running encoded
Running AE
leisure_time_activity_survey
within
Running PCA
Running native
Running encoded
Running AE
across
Running PCA
Running native
Running encoded
Running AE
local_global_letter
within
Running PCA
Running native
Running encoded
Running AE
across
Running PCA
Running native
Running encoded
Running AE
mindful_attention_awareness_survey
within
Running PCA
Running native
Running encoded
Running AE
across
Running PCA
Running native
Running encoded
Running AE
motor_selective_stop_signal
within
Running PCA
Running native
Running encoded
Running AE
across
Running PCA
Running native
Running encoded
Running AE
mpq_control_survey
within
Running PCA
Running native
Running encoded
Running AE
across
Running PCA
Running native
Running encoded
Running AE
probabilistic_selection
within
Running PCA
Running native
Running encoded
Running AE
across
Running PCA
Running native
Running encoded
Running AE
psychological_refractory_period_two_choices
within
Running PCA
Running native
Running encoded
Running AE
across
Running PCA
Running native
Running encoded
Running AE
ravens
within
Running PCA
Running native
Running encoded
Running AE
across
Running PCA
Running native
Running encoded
Running AE
recent_probes
within
Running PCA
Running native
Running encoded
Running AE
across
Running PCA
Running native
Running encoded
Running AE
selection_optimization_compensation_survey
within
Running PCA
Running native
Running encoded
Running AE
across
Running PCA
Running native
Running encoded
Running AE
self_regulation_survey
within
Running PCA
Running native
Running encoded
Running AE
across
Running PCA
Running native
Running encoded
Running AE
sensation_seeking_survey
within
Running PCA
Running native
Running encoded
Running AE
across
Running PCA
Running native
Running encoded
Running AE
shape_matching
within
Running PCA
Running native
Running encoded
Running AE
across
Running PCA
Running native
Running encoded
Running AE
shift_task
within
Running PCA
Running native
Running encoded
Running AE
across
Running PCA
Running native
Running encoded
Running AE
simon
within
Running PCA
Running native
Running encoded
Running AE
across
Running PCA
Running native
Running encoded
Running AE
simple_reaction_time
within
Running PCA
Running native
Running encoded
Running AE
across
Running PCA
Running native
Running encoded
Running AE
spatial_span
within
Running PCA
Running native
Running encoded
Running AE
across
Running PCA
Running native
Running encoded
Running AE
stim_selective_stop_signal
within
Running PCA
Running native
Running encoded
Running AE
across
Running PCA
Running native
Running encoded
Running AE
stop_signal
within
Running PCA
Running native
Running encoded
Running AE
across
Running PCA
Running native
Running encoded
Running AE
stroop
within
Running PCA
Running native
Running encoded
Running AE
across
Running PCA
Running native
Running encoded
Running AE
ten_item_personality_survey
within
Running PCA
Running native
Running encoded
Running AE
across
Running PCA
Running native
Running encoded
Running AE
theories_of_willpower_survey
within
Running PCA
Running native
Running encoded
Running AE
across
Running PCA
Running native
Running encoded
Running AE
threebytwo
within
Running PCA
Running native
Running encoded
Running AE
across
Running PCA
Running native
Running encoded
Running AE
time_perspective_survey
within
Running PCA
Running native
Running encoded
Running AE
across
Running PCA
Running native
Running encoded
Running AE
tower_of_london
within
Running PCA
Running native
Running encoded
Running AE
across
Running PCA
Running native
Running encoded
Running AE
two_stage_decision
within
Running PCA
Running native
Running encoded
Running AE
across
Running PCA
Running native
Running encoded
Running AE
upps_impulsivity_survey
within
Running PCA
Running native
Running encoded
Running AE
across
Running PCA
Running native
Running encoded
Running AE
writing_task
within
Running PCA
Running native
Running encoded
Running AE
across
Running PCA
Running native
Running encoded
Running AE
